d:\dotnetproject\vs2017\winsockexample\chatroomclientgui\debug\chatroomclientgui.pch
d:\dotnetproject\vs2017\winsockexample\chatroomclientgui\debug\vc141.pdb
d:\dotnetproject\vs2017\winsockexample\chatroomclientgui\debug\vc141.idb
d:\dotnetproject\vs2017\winsockexample\chatroomclientgui\debug\stdafx.obj
d:\dotnetproject\vs2017\winsockexample\chatroomclientgui\debug\chatroomclientgui.obj
d:\dotnetproject\vs2017\winsockexample\chatroomclientgui\debug\chatroomclientguidlg.obj
d:\dotnetproject\vs2017\winsockexample\chatroomclientgui\debug\sessionsocket.obj
d:\dotnetproject\vs2017\winsockexample\debug\chatroomclientgui.ilk
d:\dotnetproject\vs2017\winsockexample\debug\chatroomclientgui.exe
d:\dotnetproject\vs2017\winsockexample\debug\chatroomclientgui.pdb
d:\dotnetproject\vs2017\winsockexample\chatroomclientgui\debug\chatroomclientgui.res
d:\dotnetproject\vs2017\winsockexample\chatroomclientgui\debug\chatroom.d1f18446.tlog\cl.command.1.tlog
d:\dotnetproject\vs2017\winsockexample\chatroomclientgui\debug\chatroom.d1f18446.tlog\cl.read.1.tlog
d:\dotnetproject\vs2017\winsockexample\chatroomclientgui\debug\chatroom.d1f18446.tlog\cl.write.1.tlog
d:\dotnetproject\vs2017\winsockexample\chatroomclientgui\debug\chatroom.d1f18446.tlog\link.command.1.tlog
d:\dotnetproject\vs2017\winsockexample\chatroomclientgui\debug\chatroom.d1f18446.tlog\link.read.1.tlog
d:\dotnetproject\vs2017\winsockexample\chatroomclientgui\debug\chatroom.d1f18446.tlog\link.write.1.tlog
d:\dotnetproject\vs2017\winsockexample\chatroomclientgui\debug\chatroom.d1f18446.tlog\rc.command.1.tlog
d:\dotnetproject\vs2017\winsockexample\chatroomclientgui\debug\chatroom.d1f18446.tlog\rc.read.1.tlog
d:\dotnetproject\vs2017\winsockexample\chatroomclientgui\debug\chatroom.d1f18446.tlog\rc.write.1.tlog
